2025-06-07 03:18:31,532 - GatewayErrorHandler - INFO - Registered recovery handler for network_connection_failed
2025-06-07 03:18:31,532 - GatewayErrorHandler - INFO - Registered recovery handler for message_ttl_expired
2025-06-07 03:18:31,533 - GatewayErrorHandler - ERROR - [network_test_error_1749255511] NETWORK - HIGH - test_error: This is a test error | Context: {'test': 'data'}
2025-06-07 03:18:31,583 - GatewayErrorHandler - INFO - Registered recovery handler for network_test_error
2025-06-07 03:18:31,583 - GatewayErrorHandler - WARNING - [network_test_error_1749255511] NETWORK - MEDIUM - test_error: Test error with recovery
2025-06-07 03:18:31,583 - GatewayErrorHandler - INFO - [network_test_error_1749255511] Attempting automatic recovery...
2025-06-07 03:18:31,584 - GatewayErrorHandler - INFO - [network_test_error_1749255511] Automatic recovery successful
2025-06-07 03:19:26,047 - GatewayErrorHandler - INFO - Registered recovery handler for network_connection_failed
2025-06-07 03:19:26,047 - GatewayErrorHandler - INFO - Registered recovery handler for message_ttl_expired
2025-06-07 03:19:26,048 - GatewayErrorHandler - ERROR - [network_test_error_1749255566] NETWORK - HIGH - test_error: This is a test error | Context: {'test': 'data'}
2025-06-07 03:19:26,088 - GatewayErrorHandler - WARNING - [system_integration_test_1749255566] SYSTEM - MEDIUM - integration_test: Integration test error
2025-06-07 03:19:26,089 - GatewayErrorHandler - INFO - Registered recovery handler for network_test_error
2025-06-07 03:19:26,089 - GatewayErrorHandler - WARNING - [network_test_error_1749255566] NETWORK - MEDIUM - test_error: Test error with recovery
2025-06-07 03:19:26,089 - GatewayErrorHandler - INFO - [network_test_error_1749255566] Attempting automatic recovery...
2025-06-07 03:19:26,089 - GatewayErrorHandler - INFO - [network_test_error_1749255566] Automatic recovery successful
2025-06-07 03:19:53,967 - GatewayErrorHandler - INFO - Registered recovery handler for network_connection_failed
2025-06-07 03:19:53,968 - GatewayErrorHandler - INFO - Registered recovery handler for message_ttl_expired
2025-06-07 03:19:53,968 - GatewayErrorHandler - ERROR - [network_test_error_1749255593] NETWORK - HIGH - test_error: This is a test error | Context: {'test': 'data'}
2025-06-07 03:19:54,009 - GatewayErrorHandler - WARNING - [system_integration_test_1749255594] SYSTEM - MEDIUM - integration_test: Integration test error
2025-06-07 03:19:54,009 - GatewayErrorHandler - INFO - Registered recovery handler for network_test_error
2025-06-07 03:19:54,009 - GatewayErrorHandler - WARNING - [network_test_error_1749255594] NETWORK - MEDIUM - test_error: Test error with recovery
2025-06-07 03:19:54,009 - GatewayErrorHandler - INFO - [network_test_error_1749255594] Attempting automatic recovery...
2025-06-07 03:19:54,009 - GatewayErrorHandler - INFO - [network_test_error_1749255594] Automatic recovery successful
2025-06-07 03:22:24,025 - GatewayErrorHandler - INFO - Registered recovery handler for network_connection_failed
2025-06-07 03:22:24,025 - GatewayErrorHandler - INFO - Registered recovery handler for message_ttl_expired
2025-06-07 03:22:53,008 - GatewayErrorHandler - INFO - Registered recovery handler for network_connection_failed
2025-06-07 03:22:53,008 - GatewayErrorHandler - INFO - Registered recovery handler for message_ttl_expired
2025-06-07 03:22:57,760 - GatewayErrorHandler - INFO - Registered recovery handler for network_connection_failed
2025-06-07 03:22:57,760 - GatewayErrorHandler - INFO - Registered recovery handler for message_ttl_expired
2025-06-07 03:23:03,227 - GatewayErrorHandler - INFO - Registered recovery handler for network_connection_failed
2025-06-07 03:23:03,227 - GatewayErrorHandler - INFO - Registered recovery handler for message_ttl_expired
2025-06-07 03:23:03,227 - GatewayErrorHandler - ERROR - [network_test_error_1749255783] NETWORK - HIGH - test_error: This is a test error | Context: {'test': 'data'}
2025-06-07 03:23:03,247 - GatewayErrorHandler - WARNING - [system_integration_test_1749255783] SYSTEM - MEDIUM - integration_test: Integration test error
2025-06-07 03:23:03,247 - GatewayErrorHandler - INFO - Registered recovery handler for network_test_error
2025-06-07 03:23:03,248 - GatewayErrorHandler - WARNING - [network_test_error_1749255783] NETWORK - MEDIUM - test_error: Test error with recovery
2025-06-07 03:23:03,248 - GatewayErrorHandler - INFO - [network_test_error_1749255783] Attempting automatic recovery...
2025-06-07 03:23:03,248 - GatewayErrorHandler - INFO - [network_test_error_1749255783] Automatic recovery successful
2025-06-07 03:27:51,011 - GatewayErrorHandler - INFO - Registered recovery handler for network_connection_failed
2025-06-07 03:27:51,012 - GatewayErrorHandler - INFO - Registered recovery handler for message_ttl_expired
2025-06-07 03:28:05,187 - GatewayErrorHandler - INFO - Registered recovery handler for network_connection_failed
2025-06-07 03:28:05,187 - GatewayErrorHandler - INFO - Registered recovery handler for message_ttl_expired
2025-06-07 03:28:12,191 - GatewayErrorHandler - INFO - Registered recovery handler for network_connection_failed
2025-06-07 03:28:12,191 - GatewayErrorHandler - INFO - Registered recovery handler for message_ttl_expired
2025-06-07 03:30:18,544 - GatewayErrorHandler - INFO - Registered recovery handler for network_connection_failed
2025-06-07 03:30:18,544 - GatewayErrorHandler - INFO - Registered recovery handler for message_ttl_expired
2025-06-07 03:30:46,346 - GatewayErrorHandler - WARNING - [network_connection_error_1749256246] NETWORK - MEDIUM - connection_error: Connection error to 192.168.1.34: [Errno 61] Connection refused | Details: [Errno 61] Connection refused | Context: {'gateway_ip': '192.168.1.34'}
2025-06-07 03:30:46,346 - GatewayErrorHandler - DEBUG - [network_connection_error_1749256246] Stack trace:
Traceback (most recent call last):
  File "/Users/bariscansertkaya/Desktop/471-project/connection_manager.py", line 110, in _connect
    self.socket.connect((self.gateway_ip, self.port))
ConnectionRefusedError: [Errno 61] Connection refused

2025-06-07 03:30:51,352 - GatewayErrorHandler - WARNING - [network_no_connections_1749256251] NETWORK - MEDIUM - no_connections: No gateway connections available | Context: {'message_id': '5e3668c7-5daa-4601-b19c-09065909d27a'}
2025-06-07 03:31:41,329 - GatewayErrorHandler - WARNING - [network_no_connections_1749256301] NETWORK - MEDIUM - no_connections: No gateway connections available | Context: {'message_id': 'e15384e3-7686-4390-b874-ef1d155ba17c'}
2025-06-07 03:31:49,314 - GatewayErrorHandler - WARNING - [network_no_connections_1749256309] NETWORK - MEDIUM - no_connections: No gateway connections available | Context: {'message_id': '1223142a-6790-426b-bb7d-d26a55e2f6c5'}
2025-06-07 03:32:43,289 - GatewayErrorHandler - WARNING - [network_no_connections_1749256363] NETWORK - MEDIUM - no_connections: No gateway connections available | Context: {'message_id': '5fa2c9c0-1877-4a1a-b878-6c20a590ff2d'}
2025-06-07 15:39:48,203 - GatewayErrorHandler - INFO - Registered recovery handler for network_connection_failed
2025-06-07 15:39:48,203 - GatewayErrorHandler - INFO - Registered recovery handler for message_ttl_expired
